<?xml version="1.0" encoding="UTF-8"?>
<!-- Generated by org.testng.reporters.JUnitReportReporter -->
<testsuite skipped="0" hostname="AGI-LT-M106" name="com.sgvu.sample.tests.HotelBookingTest" tests="1" failures="0" timestamp="17 Jul 2019 13:02:38 GMT" time="11.670" errors="0">
  <testcase name="hotel_valid_search" time="11.670" classname="com.sgvu.sample.tests.HotelBookingTest"/>
</testsuite> <!-- com.sgvu.sample.tests.HotelBookingTest -->
