<?xml version="1.0" encoding="UTF-8"?>
<!-- Generated by org.testng.reporters.JUnitReportReporter -->
<testsuite skipped="0" hostname="AGI-LT-M106" name="com.sgvu.sample.tests.FlightBookingTest" tests="1" failures="0" timestamp="17 Jul 2019 13:03:00 GMT" time="12.625" errors="0">
  <testcase name="flight_valid_search" time="12.625" classname="com.sgvu.sample.tests.FlightBookingTest"/>
</testsuite> <!-- com.sgvu.sample.tests.FlightBookingTest -->
