<?xml version="1.0" encoding="UTF-8"?>
<!-- Generated by org.testng.reporters.JUnitReportReporter -->
<testsuite skipped="0" hostname="AGI-LT-M106" name="com.sgvu.sample.tests.SignInTest" tests="1" failures="0" timestamp="17 Jul 2019 13:02:13 GMT" time="1.446" errors="0">
  <testcase name="blank_sign_in_test" time="1.446" classname="com.sgvu.sample.tests.SignInTest"/>
</testsuite> <!-- com.sgvu.sample.tests.SignInTest -->
