<?xml version="1.0" encoding="UTF-8"?>
<!-- Generated by org.testng.reporters.JUnitReportReporter -->
<testsuite hostname="AGI-LT-M106" failures="0" tests="1" name="com.automation.sample.tests.SignInTest" time="1.898" errors="0" timestamp="17 Jul 2019 13:26:16 GMT" skipped="0">
  <testcase classname="com.automation.sample.tests.SignInTest" name="blank_sign_in_test" time="1.898"/>
</testsuite> <!-- com.automation.sample.tests.SignInTest -->
