<?xml version="1.0" encoding="UTF-8"?>
<!-- Generated by org.testng.reporters.JUnitReportReporter -->
<testsuite hostname="AGI-LT-M106" failures="0" tests="1" name="com.automation.sample.tests.HotelBookingTest" time="11.346" errors="0" timestamp="17 Jul 2019 13:26:16 GMT" skipped="0">
  <testcase classname="com.automation.sample.tests.HotelBookingTest" name="hotel_valid_search" time="11.346"/>
</testsuite> <!-- com.automation.sample.tests.HotelBookingTest -->
